0 info it worked if it ends with ok
1 verbose cli [ '/usr/local/lib/node_modules/node/bin/node',
1 verbose cli   '/usr/local/bin/npm',
1 verbose cli   'start' ]
2 info using npm@3.10.10
3 info using node@v6.11.2
4 verbose run-script [ 'prestart', 'start', 'poststart' ]
5 info lifecycle phaser3-project-template@1.0.9~prestart: phaser3-project-template@1.0.9
6 silly lifecycle phaser3-project-template@1.0.9~prestart: no script for prestart, continuing
7 info lifecycle phaser3-project-template@1.0.9~start: phaser3-project-template@1.0.9
8 verbose lifecycle phaser3-project-template@1.0.9~start: unsafe-perm in lifecycle true
9 verbose lifecycle phaser3-project-template@1.0.9~start: PATH: /usr/local/lib/node_modules/npm/bin/node-gyp-bin:/Users/cseibert/Workspace/the-thing/node_modules/.bin:/usr/local/lib/node_modules/node/bin:/Users/cseibert/.rvm/gems/ruby-2.4.1/bin:/Users/cseibert/.rvm/gems/ruby-2.4.1@global/bin:/Users/cseibert/.rvm/rubies/ruby-2.4.1/bin:/usr/local/bin:/usr/bin:/bin:/usr/sbin:/sbin:/usr/local/MacGPG2/bin:/opt/X11/bin:/Library/Frameworks/Mono.framework/Versions/Current/Commands:/Users/cseibert/.rvm/gems/ruby-2.4.1/bin:/Users/cseibert/.rvm/gems/ruby-2.4.1@global/bin:/Users/cseibert/.rvm/rubies/ruby-2.4.1/bin:/Users/cseibert/.rvm/bin:/usr/local/sbin:/Users/cseibert/.rvm/bin:/usr/local/sbin
10 verbose lifecycle phaser3-project-template@1.0.9~start: CWD: /Users/cseibert/Workspace/the-thing
11 silly lifecycle phaser3-project-template@1.0.9~start: Args: [ '-c', 'npm run build && webpack-dev-server --port=8000' ]
12 silly lifecycle phaser3-project-template@1.0.9~start: Returned: code: 1  signal: null
13 info lifecycle phaser3-project-template@1.0.9~start: Failed to exec start script
14 verbose stack Error: phaser3-project-template@1.0.9 start: `npm run build && webpack-dev-server --port=8000`
14 verbose stack Exit status 1
14 verbose stack     at EventEmitter.<anonymous> (/usr/local/lib/node_modules/npm/lib/utils/lifecycle.js:255:16)
14 verbose stack     at emitTwo (events.js:106:13)
14 verbose stack     at EventEmitter.emit (events.js:191:7)
14 verbose stack     at ChildProcess.<anonymous> (/usr/local/lib/node_modules/npm/lib/utils/spawn.js:40:14)
14 verbose stack     at emitTwo (events.js:106:13)
14 verbose stack     at ChildProcess.emit (events.js:191:7)
14 verbose stack     at maybeClose (internal/child_process.js:891:16)
14 verbose stack     at Process.ChildProcess._handle.onexit (internal/child_process.js:226:5)
15 verbose pkgid phaser3-project-template@1.0.9
16 verbose cwd /Users/cseibert/Workspace/the-thing
17 error Darwin 17.5.0
18 error argv "/usr/local/lib/node_modules/node/bin/node" "/usr/local/bin/npm" "start"
19 error node v6.11.2
20 error npm  v3.10.10
21 error code ELIFECYCLE
22 error phaser3-project-template@1.0.9 start: `npm run build && webpack-dev-server --port=8000`
22 error Exit status 1
23 error Failed at the phaser3-project-template@1.0.9 start script 'npm run build && webpack-dev-server --port=8000'.
23 error Make sure you have the latest version of node.js and npm installed.
23 error If you do, this is most likely a problem with the phaser3-project-template package,
23 error not with npm itself.
23 error Tell the author that this fails on your system:
23 error     npm run build && webpack-dev-server --port=8000
23 error You can get information on how to open an issue for this project with:
23 error     npm bugs phaser3-project-template
23 error Or if that isn't available, you can get their info via:
23 error     npm owner ls phaser3-project-template
23 error There is likely additional logging output above.
24 verbose exit [ 1, true ]
